<?xml version="1.0" encoding="UTF-8"?>
<!-- Generated by org.testng.reporters.JUnitReportReporter -->
<testsuite skipped="0" hostname="TSQA-L004" name="jazeera.OneTrip_TC" tests="1" failures="0" timestamp="04 Oct 2019 08:49:13 GMT" time="92.830" errors="0">
  <testcase name="Select" time="92.830" classname="jazeera.OneTrip_TC"/>
</testsuite> <!-- jazeera.OneTrip_TC -->
