<?xml version="1.0" encoding="UTF-8"?>
<!-- Generated by org.testng.reporters.JUnitReportReporter -->
<testsuite skipped="0" hostname="TSQA-L004" name="org.trident.leaftaps.pages.testcases.TC_1" tests="2" failures="0" timestamp="27 Sep 2019 09:51:59 GMT" time="117.585" errors="0">
  <testcase name="RunTestcases" time="61.276" classname="org.trident.leaftaps.pages.testcases.TC_1"/>
  <testcase name="RunTestcases" time="56.309" classname="org.trident.leaftaps.pages.testcases.TC_1"/>
</testsuite> <!-- org.trident.leaftaps.pages.testcases.TC_1 -->
